This file contains any messages produced by compilers while
running configure, to aid debugging if configure makes a mistake.

It was created by foobar configure 1.0, which was
generated by GNU Autoconf 2.59.  Invocation command line was

  $ ../configure --prefix /share/jinz/Automake/foobar --no-create --no-recursion

## --------- ##
## Platform. ##
## --------- ##

hostname = graviton.cse.sc.edu
uname -m = x86_64
uname -r = 2.6.18-308.4.1.el5.cny5.6052
uname -s = Linux
uname -v = #1 SMP Wed May 9 15:59:21 CDT 2012

/usr/bin/uname -p = unknown
/bin/uname -X     = unknown

/bin/arch              = x86_64
/usr/bin/arch -k       = unknown
/usr/convex/getsysinfo = unknown
hostinfo               = unknown
/bin/machine           = unknown
/usr/bin/oslevel       = unknown
/bin/universe          = unknown

PATH: /share/jinz/Pin/pin-2.10-41150-gcc.3.4.6-ia32_intel64-linux
PATH: /opt/intel/Compiler/11.1/069/bin/intel64
PATH: /share/jinz/Intel_SDE/sde
PATH: /share/jinz/ARM/arm-2011.03/bin
PATH: /share/jinz/simplescalar_tools/simplesim-3.0
PATH: /share/jinz/simplescalar_tools/bin
PATH: /usr/lib/jvm/java-6-openjdk/jre/bin
PATH: /share/reconfig/RStream/work/pca/rstream/bin
PATH: /share/jinz/compiler/llvm-gcc4.2-2.4-x86-linux-RHEL4/bin
PATH: /share/jinz/compiler/llvm-2.4/Debug/bin
PATH: /share/jinz/legup/Release/bin
PATH: /share/jinz/mrbayes_3.2.1/src
PATH: /share/reconfig/synopsys_pt/bin
PATH: /share/reconfig/synopsys_dv/bin
PATH: /share/reconfig/synopsys_fm/bin
PATH: /share/reconfig/synopsys_vcs_mx/bin
PATH: /share/reconfig/Synplify/bin
PATH: /share/jinz/synopsys/bin
PATH: /share/reconfig/xilinx/Vivado_HLS/2012.2/bin
PATH: /usr/local/cuda/bin
PATH: /share/reconfig/888.11/pocc-1.1/bin
PATH: /share/jinz
PATH: /bin
PATH: /share/reconfig/cad_setup_files
PATH: /usr/local/3rdparty/mentor/modelsim10.1/modeltech/bin
PATH: /usr/local/3rdparty/altera/quartus101/nios2eds/bin/nios2-gnutools/H-i686-pc-linux-gnu/bin
PATH: /usr/local/3rdparty/altera/quartus101/nios2eds/sdk2/bin
PATH: /usr/local/3rdparty/altera/quartus101/nios2eds/bin
PATH: /share/reconfig/matlab/R2012a/bin
PATH: /share/reconfig/xilinx/13.2/ISE_DS/common/bin/lin64
PATH: /share/reconfig/xilinx/13.2/ISE_DS/ISE/sysgen/bin
PATH: /share/reconfig/xilinx/13.2/ISE_DS/PlanAhead/bin
PATH: /share/reconfig/xilinx/13.2/ISE_DS/ISE/bin/lin64
PATH: /share/reconfig/xilinx/13.2/ISE_DS/ISE/sysgen/util
PATH: /share/reconfig/xilinx/13.2/ISE_DS/EDK/bin/lin64
PATH: /share/reconfig/xilinx/13.2/ISE_DS/EDK/gnu/microblaze/lin64/bin
PATH: /share/reconfig/xilinx/13.2/ISE_DS/EDK/gnu/powerpc-eabi/lin64/bin
PATH: /usr/local/3rdparty/mentor/modelsim661/modeltech/bin
PATH: /usr/local/3rdparty/mentor/HDS2009.1/bin
PATH: /usr/local/3rdparty/altera/quartus12/modelsim_ase/bin
PATH: /usr/local/3rdparty/altera/quartus12/quartus/bin
PATH: /share/reconfig/cad_setup_files
PATH: /usr/local/3rdparty/mentor/modelsim10.1/modeltech/bin
PATH: /usr/local/3rdparty/altera/quartus101/nios2eds/bin/nios2-gnutools/H-i686-pc-linux-gnu/bin
PATH: /usr/local/3rdparty/altera/quartus101/nios2eds/sdk2/bin
PATH: /usr/local/3rdparty/altera/quartus101/nios2eds/bin
PATH: /share/reconfig/matlab/R2012a/bin
PATH: /share/reconfig/xilinx/13.2/ISE_DS/common/bin/lin64
PATH: /share/reconfig/xilinx/13.2/ISE_DS/ISE/sysgen/bin
PATH: /share/reconfig/xilinx/13.2/ISE_DS/PlanAhead/bin
PATH: /share/reconfig/xilinx/13.2/ISE_DS/ISE/bin/lin64
PATH: /share/reconfig/xilinx/13.2/ISE_DS/ISE/sysgen/util
PATH: /share/reconfig/xilinx/13.2/ISE_DS/EDK/bin/lin64
PATH: /share/reconfig/xilinx/13.2/ISE_DS/EDK/gnu/microblaze/lin64/bin
PATH: /share/reconfig/xilinx/13.2/ISE_DS/EDK/gnu/powerpc-eabi/lin64/bin
PATH: /usr/local/3rdparty/mentor/modelsim661/modeltech/bin
PATH: /usr/local/3rdparty/mentor/HDS2009.1/bin
PATH: /usr/local/3rdparty/altera/quartus12/modelsim_ase/bin
PATH: /usr/local/3rdparty/altera/quartus12/quartus/bin
PATH: /usr/lib64/qt-3.3/bin
PATH: /usr/kerberos/bin
PATH: /opt/convey/bin
PATH: /usr/local/bin
PATH: /usr/bin
PATH: /bin
PATH: /usr/X11R6/bin
PATH: /usr/local/3rdparty/csce611/spim/bin
PATH: /usr/local/3rdparty/csce611/spim/bin


## ----------- ##
## Core tests. ##
## ----------- ##

configure:1314: checking for a BSD-compatible install
configure:1369: result: /usr/bin/install -c
configure:1380: checking whether build environment is sane
configure:1423: result: yes
configure:1488: checking for gawk
configure:1504: found /bin/gawk
configure:1514: result: gawk
configure:1524: checking whether make sets $(MAKE)
configure:1544: result: yes
configure:1765: checking for g++
configure:1781: found /usr/bin/g++
configure:1791: result: g++
configure:1807: checking for C++ compiler version
configure:1810: g++ --version </dev/null >&5
g++ (GCC) 4.1.2 20080704 (Red Hat 4.1.2-52)
Copyright (C) 2006 Free Software Foundation, Inc.
This is free software; see the source for copying conditions.  There is NO
warranty; not even for MERCHANTABILITY or FITNESS FOR A PARTICULAR PURPOSE.

configure:1813: $? = 0
configure:1815: g++ -v </dev/null >&5
Using built-in specs.
Target: x86_64-redhat-linux
Configured with: ../configure --prefix=/usr --mandir=/usr/share/man --infodir=/usr/share/info --enable-shared --enable-threads=posix --enable-checking=release --with-system-zlib --enable-__cxa_atexit --disable-libunwind-exceptions --enable-libgcj-multifile --enable-languages=c,c++,objc,obj-c++,java,fortran,ada --enable-java-awt=gtk --disable-dssi --disable-plugin --with-java-home=/usr/lib/jvm/java-1.4.2-gcj-1.4.2.0/jre --with-cpu=generic --host=x86_64-redhat-linux
Thread model: posix
gcc version 4.1.2 20080704 (Red Hat 4.1.2-52)
configure:1818: $? = 0
configure:1820: g++ -V </dev/null >&5
g++: '-V' option must have argument
configure:1823: $? = 1
configure:1846: checking for C++ compiler default output file name
configure:1849: g++    conftest.cc  >&5
configure:1852: $? = 0
configure:1898: result: a.out
configure:1903: checking whether the C++ compiler works
configure:1909: ./a.out
configure:1912: $? = 0
configure:1929: result: yes
configure:1936: checking whether we are cross compiling
configure:1938: result: no
configure:1941: checking for suffix of executables
configure:1943: g++ -o conftest    conftest.cc  >&5
configure:1946: $? = 0
configure:1971: result: 
configure:1977: checking for suffix of object files
configure:1998: g++ -c   conftest.cc >&5
configure:2001: $? = 0
configure:2023: result: o
configure:2027: checking whether we are using the GNU C++ compiler
configure:2051: g++ -c   conftest.cc >&5
configure:2057: $? = 0
configure:2061: test -z 
			 || test ! -s conftest.err
configure:2064: $? = 0
configure:2067: test -s conftest.o
configure:2070: $? = 0
configure:2083: result: yes
configure:2089: checking whether g++ accepts -g
configure:2110: g++ -c -g  conftest.cc >&5
configure:2116: $? = 0
configure:2120: test -z 
			 || test ! -s conftest.err
configure:2123: $? = 0
configure:2126: test -s conftest.o
configure:2129: $? = 0
configure:2140: result: yes
configure:2182: g++ -c -g -O2  conftest.cc >&5
configure:2188: $? = 0
configure:2192: test -z 
			 || test ! -s conftest.err
configure:2195: $? = 0
configure:2198: test -s conftest.o
configure:2201: $? = 0
configure:2227: g++ -c -g -O2  conftest.cc >&5
conftest.cc: In function 'int main()':
conftest.cc:15: error: 'exit' was not declared in this scope
configure:2233: $? = 1
configure: failed program was:
| /* confdefs.h.  */
| 
| #define PACKAGE_NAME "foobar"
| #define PACKAGE_TARNAME "foobar"
| #define PACKAGE_VERSION "1.0"
| #define PACKAGE_STRING "foobar 1.0"
| #define PACKAGE_BUGREPORT "zheming.jin@mail.com"
| #define PACKAGE "foobar"
| #define VERSION "1.0"
| /* end confdefs.h.  */
| 
| int
| main ()
| {
| exit (42);
|   ;
|   return 0;
| }
configure:2182: g++ -c -g -O2  conftest.cc >&5
configure:2188: $? = 0
configure:2192: test -z 
			 || test ! -s conftest.err
configure:2195: $? = 0
configure:2198: test -s conftest.o
configure:2201: $? = 0
configure:2227: g++ -c -g -O2  conftest.cc >&5
configure:2233: $? = 0
configure:2237: test -z 
			 || test ! -s conftest.err
configure:2240: $? = 0
configure:2243: test -s conftest.o
configure:2246: $? = 0
configure:2280: checking for style of include used by make
configure:2308: result: GNU
configure:2336: checking dependency style of g++
configure:2426: result: gcc3
configure:2588: creating ./config.status

## ---------------- ##
## Cache variables. ##
## ---------------- ##

ac_cv_cxx_compiler_gnu=yes
ac_cv_env_CPPFLAGS_set=
ac_cv_env_CPPFLAGS_value=
ac_cv_env_CXXFLAGS_set=
ac_cv_env_CXXFLAGS_value=
ac_cv_env_CXX_set=
ac_cv_env_CXX_value=
ac_cv_env_LDFLAGS_set=
ac_cv_env_LDFLAGS_value=
ac_cv_env_build_alias_set=
ac_cv_env_build_alias_value=
ac_cv_env_host_alias_set=
ac_cv_env_host_alias_value=
ac_cv_env_target_alias_set=
ac_cv_env_target_alias_value=
ac_cv_exeext=
ac_cv_objext=o
ac_cv_path_install='/usr/bin/install -c'
ac_cv_prog_AWK=gawk
ac_cv_prog_ac_ct_CXX=g++
ac_cv_prog_cxx_g=yes
ac_cv_prog_make_make_set=yes
am_cv_CXX_dependencies_compiler_type=gcc3

## ----------------- ##
## Output variables. ##
## ----------------- ##

ACLOCAL='${SHELL} /share/jinz/Automake/foobar/config/missing --run aclocal-1.9'
AMDEPBACKSLASH='\'
AMDEP_FALSE='#'
AMDEP_TRUE=''
AMTAR='${SHELL} /share/jinz/Automake/foobar/config/missing --run tar'
AUTOCONF='${SHELL} /share/jinz/Automake/foobar/config/missing --run autoconf'
AUTOHEADER='${SHELL} /share/jinz/Automake/foobar/config/missing --run autoheader'
AUTOMAKE='${SHELL} /share/jinz/Automake/foobar/config/missing --run automake-1.9'
AWK='gawk'
CPPFLAGS=''
CXX='g++'
CXXDEPMODE='depmode=gcc3'
CXXFLAGS='-g -O2'
CYGPATH_W='cygpath -w'
DEFS='-DPACKAGE_NAME=\"foobar\" -DPACKAGE_TARNAME=\"foobar\" -DPACKAGE_VERSION=\"1.0\" -DPACKAGE_STRING=\"foobar\ 1.0\" -DPACKAGE_BUGREPORT=\"zheming.jin@mail.com\" -DPACKAGE=\"foobar\" -DVERSION=\"1.0\" '
DEPDIR='.deps'
ECHO_C=''
ECHO_N='-n'
ECHO_T=''
EXEEXT=''
INSTALL_DATA='${INSTALL} -m 644'
INSTALL_PROGRAM='${INSTALL}'
INSTALL_SCRIPT='${INSTALL}'
INSTALL_STRIP_PROGRAM='${SHELL} $(install_sh) -c -s'
LDFLAGS=''
LIBOBJS=''
LIBS=''
LTLIBOBJS=''
MAKEINFO='${SHELL} /share/jinz/Automake/foobar/config/missing --run makeinfo'
OBJEXT='o'
PACKAGE='foobar'
PACKAGE_BUGREPORT='zheming.jin@mail.com'
PACKAGE_NAME='foobar'
PACKAGE_STRING='foobar 1.0'
PACKAGE_TARNAME='foobar'
PACKAGE_VERSION='1.0'
PATH_SEPARATOR=':'
SET_MAKE=''
SHELL='/bin/sh'
STRIP=''
VERSION='1.0'
ac_ct_CXX='g++'
ac_ct_STRIP=''
am__fastdepCXX_FALSE='#'
am__fastdepCXX_TRUE=''
am__include='include'
am__leading_dot='.'
am__quote=''
am__tar='${AMTAR} chof - "$$tardir"'
am__untar='${AMTAR} xf -'
bindir='${exec_prefix}/bin'
build_alias=''
datadir='${prefix}/share'
exec_prefix='${prefix}'
host_alias=''
includedir='${prefix}/include'
infodir='${prefix}/info'
install_sh='/share/jinz/Automake/foobar/config/install-sh'
libdir='${exec_prefix}/lib'
libexecdir='${exec_prefix}/libexec'
localstatedir='${prefix}/var'
mandir='${prefix}/man'
mkdir_p='mkdir -p --'
oldincludedir='/usr/include'
prefix='/share/jinz/Automake/foobar'
program_transform_name='s,x,x,'
sbindir='${exec_prefix}/sbin'
sharedstatedir='${prefix}/com'
sysconfdir='${prefix}/etc'
target_alias=''

## ----------- ##
## confdefs.h. ##
## ----------- ##

#define PACKAGE "foobar"
#define PACKAGE_BUGREPORT "zheming.jin@mail.com"
#define PACKAGE_NAME "foobar"
#define PACKAGE_STRING "foobar 1.0"
#define PACKAGE_TARNAME "foobar"
#define PACKAGE_VERSION "1.0"
#define VERSION "1.0"
#endif
#ifdef __cplusplus
extern "C" void std::exit (int) throw (); using std::exit;

configure: exit 0

## ---------------------- ##
## Running config.status. ##
## ---------------------- ##

This file was extended by foobar config.status 1.0, which was
generated by GNU Autoconf 2.59.  Invocation command line was

  CONFIG_FILES    = 
  CONFIG_HEADERS  = 
  CONFIG_LINKS    = 
  CONFIG_COMMANDS = 
  $ ./config.status 

on graviton.cse.sc.edu

config.status:680: creating Makefile
config.status:680: creating src/Makefile
config.status:856: executing depfiles commands
